<?xml version="1.0" encoding="UTF-8"?>
<!-- Generated by org.testng.reporters.JUnitReportReporter -->
<testsuite hostname="DESKTOP-3J4O44A" failures="0" tests="7" name="testing.Testcases" time="12.985" errors="0" timestamp="2021-06-03T15:02:35 EDT" skipped="0">
  <testcase classname="testing.Testcases" name="allCharValidTest" time="7.279"/>
  <system-out/>
  <testcase classname="testing.Testcases" name="allCharInvalidTest" time="0.768"/>
  <system-out/>
  <testcase classname="testing.Testcases" name="specificCharValidTest" time="0.820"/>
  <system-out/>
  <testcase classname="testing.Testcases" name="specificCharInvalidTest" time="0.811"/>
  <system-out/>
  <testcase classname="testing.Testcases" name="searchPlanetsValidTest" time="0.785"/>
  <system-out/>
  <testcase classname="testing.Testcases" name="searchPlanetsInvalidTest" time="0.783"/>
  <system-out/>
  <testcase classname="testing.Testcases" name="BlankSearch" time="1.739"/>
  <system-out/>
</testsuite> <!-- testing.Testcases -->
